{"name": "test_order_number_appears_in_progress_section_after_order_placement[firefox]", "status": "broken", "statusDetails": {"message": "selenium.common.exceptions.MoveTargetOutOfBoundsException: Message: Move target (164, 864) is out of bounds of viewport dimensions (1280, 843)\nStacktrace:\nRemoteError@chrome://remote/content/shared/RemoteError.sys.mjs:8:8\nWebDriverError@chrome://remote/content/shared/webdriver/Errors.sys.mjs:193:5\nMoveTargetOutOfBoundsError@chrome://remote/content/shared/webdriver/Errors.sys.mjs:479:5\nassertInViewPort@chrome://remote/content/shared/webdriver/Actions.sys.mjs:2338:11\ndispatch@chrome://remote/content/shared/webdriver/Actions.sys.mjs:1144:21\ndispatch/pendingEvents<@chrome://remote/content/shared/webdriver/Actions.sys.mjs:2010:14\ndispatch@chrome://remote/content/shared/webdriver/Actions.sys.mjs:2009:39\ndispatch/chainEvents<@chrome://remote/content/shared/webdriver/Actions.sys.mjs:1920:27\ndispatch@chrome://remote/content/shared/webdriver/Actions.sys.mjs:1922:7\nperformActions@chrome://remote/content/marionette/actors/MarionetteCommandsChild.sys.mjs:508:23\nreceiveMessage@chrome://remote/content/marionette/actors/MarionetteCommandsChild.sys.mjs:143:31", "trace": "self = <tests.test_feed_page.TestFeedPage object at 0x000001F583820950>, feed_page = <pages.feed_page.FeedPage object at 0x000001F5837F3AA0>, main_page = <pages.main_page.MainPage object at 0x000001F58392D310>\nbase_page = <pages.base_page.BasePage object at 0x000001F58392D1C0>, user_data = {'email': 'om1c460nk8@mail.ru', 'name': 'gshhfajknu', 'password': 'oagwwesbfo'}\n\n    @allure.story(\"Номер заказа появляется в разделе 'В процессе' после размещения заказа\")\n    def test_order_number_appears_in_progress_section_after_order_placement(self, feed_page, main_page, base_page, user_data):\n        base_page.open_login_page()\n        base_page.login(user_data[\"email\"], user_data[\"password\"])\n>       main_page.add_ingredient_to_cart()\n\ntests\\test_feed_page.py:71: \n_ _ _ _ _ _ _ _ _ _ _ _ _ _ _ _ _ _ _ _ _ _ _ _ _ _ _ _ _ _ _ _ _ _ _ _ _ _ _ _ _ _ _ _ _ _ _ _ _ _ _ _ _ _ _ _ _ _ _ _ _ _ _ _ _ _ _ _ _ _ _ _ _ _ _ _ _ _ _ _ _ _ _ _ _ _ _ _ _ _ _ _ _ _ _ _ _ _ _ _ _ _ _ _ _ _ _ _ _ _ _ _ _ _ _ _ _ _ _ _ _ _ _ _ _ _ _ _ _ _ _\npages\\main_page.py:46: in add_ingredient_to_cart\n    ActionChains(self.driver).drag_and_drop(ingredient_card_3, cart).perform()\n..\\..\\AppData\\Local\\Programs\\Python\\Python312\\Lib\\site-packages\\selenium\\webdriver\\common\\action_chains.py:94: in perform\n    self.w3c_actions.perform()\n..\\..\\AppData\\Local\\Programs\\Python\\Python312\\Lib\\site-packages\\selenium\\webdriver\\common\\actions\\action_builder.py:96: in perform\n    self.driver.execute(Command.W3C_ACTIONS, enc)\n..\\..\\AppData\\Local\\Programs\\Python\\Python312\\Lib\\site-packages\\selenium\\webdriver\\remote\\webdriver.py:347: in execute\n    self.error_handler.check_response(response)\n_ _ _ _ _ _ _ _ _ _ _ _ _ _ _ _ _ _ _ _ _ _ _ _ _ _ _ _ _ _ _ _ _ _ _ _ _ _ _ _ _ _ _ _ _ _ _ _ _ _ _ _ _ _ _ _ _ _ _ _ _ _ _ _ _ _ _ _ _ _ _ _ _ _ _ _ _ _ _ _ _ _ _ _ _ _ _ _ _ _ _ _ _ _ _ _ _ _ _ _ _ _ _ _ _ _ _ _ _ _ _ _ _ _ _ _ _ _ _ _ _ _ _ _ _ _ _ _ _ _ _\n\nself = <selenium.webdriver.remote.errorhandler.ErrorHandler object at 0x000001F58392C8F0>\nresponse = {'status': 500, 'value': '{\"value\":{\"error\":\"move target out of bounds\",\"message\":\"Move target (164, 864) is out of bo...ys.mjs:508:23\\\\nreceiveMessage@chrome://remote/content/marionette/actors/MarionetteCommandsChild.sys.mjs:143:31\\\\n\"}}'}\n\n    def check_response(self, response: Dict[str, Any]) -> None:\n        \"\"\"Checks that a JSON response from the WebDriver does not have an\n        error.\n    \n        :Args:\n         - response - The JSON response from the WebDriver server as a dictionary\n           object.\n    \n        :Raises: If the response contains an error message.\n        \"\"\"\n        status = response.get(\"status\", None)\n        if not status or status == ErrorCode.SUCCESS:\n            return\n        value = None\n        message = response.get(\"message\", \"\")\n        screen: str = response.get(\"screen\", \"\")\n        stacktrace = None\n        if isinstance(status, int):\n            value_json = response.get(\"value\", None)\n            if value_json and isinstance(value_json, str):\n                import json\n    \n                try:\n                    value = json.loads(value_json)\n                    if len(value) == 1:\n                        value = value[\"value\"]\n                    status = value.get(\"error\", None)\n                    if not status:\n                        status = value.get(\"status\", ErrorCode.UNKNOWN_ERROR)\n                        message = value.get(\"value\") or value.get(\"message\")\n                        if not isinstance(message, str):\n                            value = message\n                            message = message.get(\"message\")\n                    else:\n                        message = value.get(\"message\", None)\n                except ValueError:\n                    pass\n    \n        exception_class: Type[WebDriverException]\n        e = ErrorCode()\n        error_codes = [item for item in dir(e) if not item.startswith(\"__\")]\n        for error_code in error_codes:\n            error_info = getattr(ErrorCode, error_code)\n            if isinstance(error_info, list) and status in error_info:\n                exception_class = getattr(ExceptionMapping, error_code, WebDriverException)\n                break\n        else:\n            exception_class = WebDriverException\n    \n        if not value:\n            value = response[\"value\"]\n        if isinstance(value, str):\n            raise exception_class(value)\n        if message == \"\" and \"message\" in value:\n            message = value[\"message\"]\n    \n        screen = None  # type: ignore[assignment]\n        if \"screen\" in value:\n            screen = value[\"screen\"]\n    \n        stacktrace = None\n        st_value = value.get(\"stackTrace\") or value.get(\"stacktrace\")\n        if st_value:\n            if isinstance(st_value, str):\n                stacktrace = st_value.split(\"\\n\")\n            else:\n                stacktrace = []\n                try:\n                    for frame in st_value:\n                        line = frame.get(\"lineNumber\", \"\")\n                        file = frame.get(\"fileName\", \"<anonymous>\")\n                        if line:\n                            file = f\"{file}:{line}\"\n                        meth = frame.get(\"methodName\", \"<anonymous>\")\n                        if \"className\" in frame:\n                            meth = f\"{frame['className']}.{meth}\"\n                        msg = \"    at %s (%s)\"\n                        msg = msg % (meth, file)\n                        stacktrace.append(msg)\n                except TypeError:\n                    pass\n        if exception_class == UnexpectedAlertPresentException:\n            alert_text = None\n            if \"data\" in value:\n                alert_text = value[\"data\"].get(\"text\")\n            elif \"alert\" in value:\n                alert_text = value[\"alert\"].get(\"text\")\n            raise exception_class(message, screen, stacktrace, alert_text)  # type: ignore[call-arg]  # mypy is not smart enough here\n>       raise exception_class(message, screen, stacktrace)\nE       selenium.common.exceptions.MoveTargetOutOfBoundsException: Message: Move target (164, 864) is out of bounds of viewport dimensions (1280, 843)\nE       Stacktrace:\nE       RemoteError@chrome://remote/content/shared/RemoteError.sys.mjs:8:8\nE       WebDriverError@chrome://remote/content/shared/webdriver/Errors.sys.mjs:193:5\nE       MoveTargetOutOfBoundsError@chrome://remote/content/shared/webdriver/Errors.sys.mjs:479:5\nE       assertInViewPort@chrome://remote/content/shared/webdriver/Actions.sys.mjs:2338:11\nE       dispatch@chrome://remote/content/shared/webdriver/Actions.sys.mjs:1144:21\nE       dispatch/pendingEvents<@chrome://remote/content/shared/webdriver/Actions.sys.mjs:2010:14\nE       dispatch@chrome://remote/content/shared/webdriver/Actions.sys.mjs:2009:39\nE       dispatch/chainEvents<@chrome://remote/content/shared/webdriver/Actions.sys.mjs:1920:27\nE       dispatch@chrome://remote/content/shared/webdriver/Actions.sys.mjs:1922:7\nE       performActions@chrome://remote/content/marionette/actors/MarionetteCommandsChild.sys.mjs:508:23\nE       receiveMessage@chrome://remote/content/marionette/actors/MarionetteCommandsChild.sys.mjs:143:31\n\n..\\..\\AppData\\Local\\Programs\\Python\\Python312\\Lib\\site-packages\\selenium\\webdriver\\remote\\errorhandler.py:229: MoveTargetOutOfBoundsException"}, "steps": [{"name": "Открыть страницу входа", "status": "passed", "start": 1715500714685, "stop": 1715500716275}, {"name": "Выполнить вход с электронной почтой 'om1c460nk8@mail.ru' и паролем 'oagwwesbfo'", "status": "passed", "steps": [{"name": "Ввести электронную почту", "status": "passed", "start": 1715500716276, "stop": 1715500716446}, {"name": "Ввести пароль", "status": "passed", "start": 1715500716446, "stop": 1715500716501}, {"name": "Дождаться видимости кнопки входа", "status": "passed", "start": 1715500716501, "stop": 1715500716522}, {"name": "Нажать кнопку входа", "status": "passed", "start": 1715500716522, "stop": 1715500716786}], "parameters": [{"name": "email", "value": "'om1c460nk8@mail.ru'"}, {"name": "password", "value": "'oagwwesbfo'"}], "start": 1715500716275, "stop": 1715500716786}, {"name": "Добавить ингредиент в корзину", "status": "broken", "statusDetails": {"message": "selenium.common.exceptions.MoveTargetOutOfBoundsException: Message: Move target (164, 864) is out of bounds of viewport dimensions (1280, 843)\nStacktrace:\nRemoteError@chrome://remote/content/shared/RemoteError.sys.mjs:8:8\nWebDriverError@chrome://remote/content/shared/webdriver/Errors.sys.mjs:193:5\nMoveTargetOutOfBoundsError@chrome://remote/content/shared/webdriver/Errors.sys.mjs:479:5\nassertInViewPort@chrome://remote/content/shared/webdriver/Actions.sys.mjs:2338:11\ndispatch@chrome://remote/content/shared/webdriver/Actions.sys.mjs:1144:21\ndispatch/pendingEvents<@chrome://remote/content/shared/webdriver/Actions.sys.mjs:2010:14\ndispatch@chrome://remote/content/shared/webdriver/Actions.sys.mjs:2009:39\ndispatch/chainEvents<@chrome://remote/content/shared/webdriver/Actions.sys.mjs:1920:27\ndispatch@chrome://remote/content/shared/webdriver/Actions.sys.mjs:1922:7\nperformActions@chrome://remote/content/marionette/actors/MarionetteCommandsChild.sys.mjs:508:23\nreceiveMessage@chrome://remote/content/marionette/actors/MarionetteCommandsChild.sys.mjs:143:31\n\n", "trace": "  File \"C:\\Users\\IQN\\AppData\\Local\\Programs\\Python\\Python312\\Lib\\site-packages\\allure_commons\\_allure.py\", line 192, in impl\n    return func(*a, **kw)\n           ^^^^^^^^^^^^^^\n  File \"C:\\Users\\IQN\\PycharmProjects\\Diplom_3\\pages\\main_page.py\", line 46, in add_ingredient_to_cart\n    ActionChains(self.driver).drag_and_drop(ingredient_card_3, cart).perform()\n  File \"C:\\Users\\IQN\\AppData\\Local\\Programs\\Python\\Python312\\Lib\\site-packages\\selenium\\webdriver\\common\\action_chains.py\", line 94, in perform\n    self.w3c_actions.perform()\n  File \"C:\\Users\\IQN\\AppData\\Local\\Programs\\Python\\Python312\\Lib\\site-packages\\selenium\\webdriver\\common\\actions\\action_builder.py\", line 96, in perform\n    self.driver.execute(Command.W3C_ACTIONS, enc)\n  File \"C:\\Users\\IQN\\AppData\\Local\\Programs\\Python\\Python312\\Lib\\site-packages\\selenium\\webdriver\\remote\\webdriver.py\", line 347, in execute\n    self.error_handler.check_response(response)\n  File \"C:\\Users\\IQN\\AppData\\Local\\Programs\\Python\\Python312\\Lib\\site-packages\\selenium\\webdriver\\remote\\errorhandler.py\", line 229, in check_response\n    raise exception_class(message, screen, stacktrace)\n"}, "start": 1715500716786, "stop": 1715500719485}], "parameters": [{"name": "driver", "value": "'firefox'"}], "start": 1715500714685, "stop": 1715500719489, "uuid": "4424fd95-0c6f-4208-bebe-b5b733c058c2", "historyId": "5f7c22b87fa87cbaa2e690431ccc6eb0", "testCaseId": "0ae603ab29fe7096c7c9fa45ad1bdece", "fullName": "tests.test_feed_page.TestFeedPage#test_order_number_appears_in_progress_section_after_order_placement", "labels": [{"name": "story", "value": "Номер заказа появляется в разделе 'В процессе' после размещения заказа"}, {"name": "feature", "value": "Тесты страницы заказов"}, {"name": "parentSuite", "value": "tests"}, {"name": "suite", "value": "test_feed_page"}, {"name": "subSuite", "value": "TestFeedPage"}, {"name": "host", "value": "IQN"}, {"name": "thread", "value": "21480-MainThread"}, {"name": "framework", "value": "pytest"}, {"name": "language", "value": "cpython3"}, {"name": "package", "value": "tests.test_feed_page"}]}